<?xml version="1.0" encoding="UTF-8"?>
<!-- Generated by org.testng.reporters.JUnitReportReporter -->
<testsuite hostname="DHIA-TEST" name="stepDefinition.Verificiation_CICD" tests="1" failures="0" timestamp="20 Oct 2023 10:35:39 GMT" time="5.003" errors="0">
  <testcase name="utilisateur_est_sur_la_page_d_acceuil" time="5.003" classname="stepDefinition.Verificiation_CICD"/>
</testsuite> <!-- stepDefinition.Verificiation_CICD -->
